        -:    0:Source:Collatz.c++
        -:    0:Graph:Collatz.gcno
        -:    0:Data:Collatz.gcda
        -:    0:Runs:1
        -:    0:Programs:1
        -:    1:// ----------------------------
        -:    2:// projects/collatz/Collatz.c++
        -:    3:// Copyright (C) 2015
        -:    4:// Glenn P. Downing
        -:    5:// ----------------------------
        -:    6:
        -:    7:// --------
        -:    8:// includes
        -:    9:// --------
        -:   10:
        -:   11:#include <cassert>  // assert
        -:   12:#include <iostream> // endl, istream, ostream
        -:   13:#include <sstream>  // istringstream
        -:   14:#include <string>   // getline, string
        -:   15:#include <utility>  // make_pair, pair
        -:   16:
        -:   17:#include "Collatz.h"
        -:   18:
        -:   19:using namespace std;
        -:   20:
        -:   21:// ------------
        -:   22:// collatz_read
        -:   23:// ------------
        -:   24:
function _Z12collatz_readRKSs called 5 returned 100% blocks executed 80%
        5:   25:pair<int, int> collatz_read (const string& s) {
        5:   26:    istringstream sin(s);
call    0 returned 100%
branch  1 taken 100% (fallthrough)
branch  2 taken 0% (throw)
        -:   27:    int i;
        -:   28:    int j;
        5:   29:    sin >> i >> j;
call    0 returned 100%
branch  1 taken 100% (fallthrough)
branch  2 taken 0% (throw)
call    3 returned 100%
branch  4 taken 100% (fallthrough)
branch  5 taken 0% (throw)
        5:   30:    return make_pair(i, j);}
call    0 returned 100%
call    1 returned 100%
call    2 never executed
        -:   31:
        -:   32:// ------------
        -:   33:// collatz_eval
        -:   34:// ------------
        -:   35:
function _Z12collatz_evalii called 8 returned 100% blocks executed 100%
        8:   36:int collatz_eval (int i, int j) {
        -:   37:
        8:   38:    int max = 0;
        8:   39:    int counter = 1;
        -:   40:
      452:   41:    for(int start = i; start <= j; start++){
branch  0 taken 98%
branch  1 taken 2% (fallthrough)
      444:   42:        int temp = start;
        -:   43:
    26008:   44:        while(temp != 1){
branch  0 taken 98%
branch  1 taken 2% (fallthrough)
    25120:   45:            if(temp % 2 == 0){
branch  0 taken 67% (fallthrough)
branch  1 taken 33%
    16850:   46:                temp = temp/2;
    16850:   47:                counter++;
        -:   48:            } else{
     8270:   49:                temp = (temp * 3) + 1;
     8270:   50:                counter++;
        -:   51:            }
        -:   52:        }
      444:   53:        if(counter > max){
branch  0 taken 9% (fallthrough)
branch  1 taken 91%
       40:   54:            max = counter;
        -:   55:        }
        -:   56:
      444:   57:        counter = 1;
        -:   58:    }
        -:   59:
        8:   60:    return max;
        -:   61:}
        -:   62:
        -:   63:// -------------
        -:   64:// collatz_print
        -:   65:// -------------
        -:   66:
function _Z13collatz_printRSoiii called 5 returned 100% blocks executed 100%
        5:   67:void collatz_print (ostream& w, int i, int j, int v) {
        5:   68:    w << i << " " << j << " " << v << endl;}
call    0 returned 100%
call    1 returned 100%
call    2 returned 100%
call    3 returned 100%
call    4 returned 100%
call    5 returned 100%
        -:   69:
        -:   70:// -------------
        -:   71:// collatz_solve
        -:   72:// -------------
        -:   73:
function _Z13collatz_solveRSiRSo called 1 returned 100% blocks executed 80%
        1:   74:void collatz_solve (istream& r, ostream& w) {
        1:   75:    string s;
call    0 returned 100%
branch  1 taken 100% (fallthrough)
branch  2 taken 0% (throw)
        6:   76:    while (getline(r, s)) {
call    0 returned 100%
branch  1 taken 100% (fallthrough)
branch  2 taken 0% (throw)
call    3 returned 100%
branch  4 taken 100% (fallthrough)
branch  5 taken 0% (throw)
branch  6 taken 80%
branch  7 taken 20% (fallthrough)
        4:   77:        const pair<int, int> p = collatz_read(s);
call    0 returned 100%
branch  1 taken 100% (fallthrough)
branch  2 taken 0% (throw)
        4:   78:        const int            i = p.first;
        4:   79:        const int            j = p.second;
        4:   80:        const int            v = collatz_eval(i, j);
call    0 returned 100%
function _GLOBAL__sub_I__Z12collatz_readRKSs called 1 returned 100% blocks executed 100%
function _Z41__static_initialization_and_destruction_0ii called 1 returned 100% blocks executed 100%
        8:   81:        collatz_print(w, i, j, v);}}
call    0 returned 100%
branch  1 taken 100% (fallthrough)
branch  2 taken 0%
branch  3 taken 100% (fallthrough)
branch  4 taken 0%
call    5 returned 100%
branch  6 taken 100% (fallthrough)
branch  7 taken 0% (throw)
call    8 returned 100%
call    9 never executed
